2026-04-26 16:13:36,343 - feishu_notifier - INFO - 飞书通知已启用
2026-04-26 16:13:36,742 - __main__ - INFO - ✅ 已连接通达信服务器 (123.125.108.14:7709)
2026-04-26 16:13:36,742 - __main__ - INFO - 📥 正在初始化全市场股票池...
2026-04-26 16:13:36,742 - __main__ - INFO -   正在获取上海市场股票...
2026-04-26 16:13:36,883 - __main__ - INFO -   上海市场共 26939 只股票
2026-04-26 16:13:39,176 - __main__ - INFO -   上海市场筛选后: 0 只
2026-04-26 16:13:39,177 - __main__ - INFO -   正在获取深圳市场股票...
2026-04-26 16:13:39,274 - __main__ - INFO -   深圳市场共 23052 只股票
2026-04-26 16:13:43,142 - __main__ - INFO -   深圳市场筛选后: 1780 只
2026-04-26 16:13:43,143 - __main__ - INFO - ✅ 股票池初始化完成，共 1780 只股票
2026-04-26 16:13:43,143 - __main__ - INFO - 🚀 全市场监控系统初始化完成
2026-04-26 16:13:43,143 - __main__ - INFO - 
============================================================
2026-04-26 16:13:43,143 - __main__ - INFO - 🚀 全市场多周期共振监控系统启动
2026-04-26 16:13:43,143 - __main__ - INFO - ============================================================
2026-04-26 16:13:43,143 - __main__ - INFO - ⏰ 扫描间隔: 300 秒
2026-04-26 16:13:43,143 - __main__ - INFO - 📊 股票数量: 1780
2026-04-26 16:13:43,143 - __main__ - INFO - 🎯 最低得分: 60
2026-04-26 16:13:43,143 - __main__ - INFO - 💰 模拟交易: 开启
2026-04-26 16:13:43,143 - __main__ - INFO - 💵 初始资金: 1,000,000.00
2026-04-26 16:13:43,143 - __main__ - INFO - 📊 单票仓位: 10%
2026-04-26 16:13:43,143 - __main__ - INFO - 📋 最大持仓: 10
2026-04-26 16:13:43,143 - __main__ - INFO - ============================================================
2026-04-26 16:13:43,575 - feishu_notifier - ERROR - 飞书消息发送失败: {'code': 19001, 'data': {}, 'msg': 'param invalid: incoming webhook access token invalid'}
2026-04-26 16:13:43,576 - __main__ - INFO - ⏰ 非交易时间，休眠中...
2026-04-26 16:14:43,579 - __main__ - INFO - ⏰ 非交易时间，休眠中...
2026-04-26 16:15:43,577 - __main__ - INFO - ⏰ 非交易时间，休眠中...
2026-04-26 16:16:43,562 - __main__ - INFO - ⏰ 非交易时间，休眠中...
2026-04-26 16:17:43,584 - __main__ - INFO - ⏰ 非交易时间，休眠中...
2026-04-26 16:18:43,612 - __main__ - INFO - ⏰ 非交易时间，休眠中...
2026-04-26 16:19:43,617 - __main__ - INFO - ⏰ 非交易时间，休眠中...
2026-04-26 16:20:43,626 - __main__ - INFO - ⏰ 非交易时间，休眠中...
2026-04-26 16:21:43,636 - __main__ - INFO - ⏰ 非交易时间，休眠中...
2026-04-26 16:22:43,640 - __main__ - INFO - ⏰ 非交易时间，休眠中...
2026-04-26 16:23:43,654 - __main__ - INFO - ⏰ 非交易时间，休眠中...
2026-04-26 16:24:43,662 - __main__ - INFO - ⏰ 非交易时间，休眠中...
2026-04-26 16:25:43,670 - __main__ - INFO - ⏰ 非交易时间，休眠中...
2026-04-26 16:26:43,675 - __main__ - INFO - ⏰ 非交易时间，休眠中...
2026-04-26 16:27:43,686 - __main__ - INFO - ⏰ 非交易时间，休眠中...
2026-04-26 16:28:43,690 - __main__ - INFO - ⏰ 非交易时间，休眠中...
2026-04-26 16:29:43,701 - __main__ - INFO - ⏰ 非交易时间，休眠中...
2026-04-26 16:30:43,716 - __main__ - INFO - ⏰ 非交易时间，休眠中...
2026-04-26 16:31:43,721 - __main__ - INFO - ⏰ 非交易时间，休眠中...
2026-04-26 16:32:43,740 - __main__ - INFO - ⏰ 非交易时间，休眠中...
2026-04-26 16:33:43,749 - __main__ - INFO - ⏰ 非交易时间，休眠中...
2026-04-26 16:34:43,765 - __main__ - INFO - ⏰ 非交易时间，休眠中...
2026-04-26 16:35:43,772 - __main__ - INFO - ⏰ 非交易时间，休眠中...
2026-04-26 16:36:43,781 - __main__ - INFO - ⏰ 非交易时间，休眠中...
2026-04-26 16:37:43,794 - __main__ - INFO - ⏰ 非交易时间，休眠中...
2026-04-26 16:38:43,801 - __main__ - INFO - ⏰ 非交易时间，休眠中...
2026-04-26 16:39:43,807 - __main__ - INFO - ⏰ 非交易时间，休眠中...
2026-04-26 16:40:43,810 - __main__ - INFO - ⏰ 非交易时间，休眠中...
2026-04-26 16:41:43,817 - __main__ - INFO - ⏰ 非交易时间，休眠中...
2026-04-26 16:42:43,824 - __main__ - INFO - ⏰ 非交易时间，休眠中...
2026-04-26 16:43:41,640 - __main__ - INFO - 
👋 接收到信号 15，正在优雅退出...
2026-04-26 16:43:43,833 - __main__ - INFO - 🧹 正在清理资源...
2026-04-26 16:43:43,848 - __main__ - INFO - ✅ 通达信连接已断开
2026-04-26 16:43:44,359 - feishu_notifier - ERROR - 飞书消息发送失败: {'code': 19001, 'data': {}, 'msg': 'param invalid: incoming webhook access token invalid'}
2026-04-26 16:43:44,361 - __main__ - INFO - 
============================================================
2026-04-26 16:43:44,361 - __main__ - INFO - 👋 监控系统已停止
2026-04-26 16:43:44,361 - __main__ - INFO - 📊 扫描次数: 0
2026-04-26 16:43:44,361 - __main__ - INFO - 🎯 发现信号: 0
2026-04-26 16:43:44,361 - __main__ - INFO - 
============================================================
2026-04-26 16:43:44,361 - __main__ - INFO - 📊 账户状态
2026-04-26 16:43:44,361 - __main__ - INFO - ============================================================
2026-04-26 16:43:44,361 - __main__ - INFO - 💰 初始资金: 1,000,000.00
2026-04-26 16:43:44,361 - __main__ - INFO - 💵 现金余额: 1,000,000.00
2026-04-26 16:43:44,361 - __main__ - INFO - 📈 持仓市值: 0.00
2026-04-26 16:43:44,361 - __main__ - INFO - 💎 总资产:   1,000,000.00
2026-04-26 16:43:44,361 - __main__ - INFO - 📊 总收益:   +0.00 (+0.00%)
2026-04-26 16:43:44,361 - __main__ - INFO - 📋 持仓数量: 0/10
2026-04-26 16:43:44,362 - __main__ - INFO - ============================================================
2026-04-26 16:43:44,362 - __main__ - INFO - ============================================================
